nohup: ignoring input
fatal: bad revision 'HEAD'
Running background task: Updating positions...
 * Serving Flask app 'main'
 * Debug mode: on
[31m[1mWARNING: This is a development server. Do not use it in a production deployment. Use a production WSGI server instead.[0m
 * Running on all addresses (0.0.0.0)
 * Running on http://127.0.0.1:5000
 * Running on http://169.254.0.21:5000
[33mPress CTRL+C to quit[0m
 * Restarting with stat
fatal: bad revision 'HEAD'
 * Debugger is active!
 * Debugger PIN: 141-696-384
127.0.0.1 - - [18/Jun/2025 03:20:07] "GET / HTTP/1.1" 200 -
127.0.0.1 - - [18/Jun/2025 03:20:07] "GET /favicon.ico HTTP/1.1" 200 -
 * Detected change in '/home/ubuntu/crypto_predictor/src/main.py', reloading
Running background task: Updating positions...
Running background task: Updating positions...
Running background task: Updating positions...
Running background task: Updating positions...
Running background task: Updating positions...
Running background task: Updating positions...
Running background task: Updating positions...
Running background task: Updating positions...
Running background task: Updating positions...
Running background task: Updating positions...
Running background task: Updating positions...
Running background task: Updating positions...
Running background task: Updating positions...
Running background task: Updating positions...
Running background task: Updating positions...
Running background task: Updating positions...
Running background task: Updating positions...
Running background task: Updating positions...
Running background task: Updating positions...
Running background task: Updating positions...
Running background task: Updating positions...
Running background task: Updating positions...
Running background task: Updating positions...
Running background task: Updating positions...
Running background task: Updating positions...
Running background task: Updating positions...
Running background task: Updating positions...
Running background task: Updating positions...
Running background task: Updating positions...
Running background task: Updating positions...
Running background task: Updating positions...
Running background task: Updating positions...
 * Restarting with stat
fatal: bad revision 'HEAD'
Traceback (most recent call last):
  File "/home/ubuntu/crypto_predictor/src/main.py", line 16, in <module>
    from src.websocket.websocket_server import init_websocket
ModuleNotFoundError: No module named 'src.websocket'
Running background task: Updating positions...
Running background task: Updating positions...
Running background task: Updating positions...
Running background task: Updating positions...
Running background task: Updating positions...
Running background task: Updating positions...
Running background task: Updating positions...
Running background task: Updating positions...
Running background task: Updating positions...
Running background task: Updating positions...
Running background task: Updating positions...
Running background task: Updating positions...
Running background task: Updating positions...
Running background task: Updating positions...
Running background task: Updating positions...
Running background task: Updating positions...
Running background task: Updating positions...
Running background task: Updating positions...
Running background task: Updating positions...
Running background task: Updating positions...
Running background task: Updating positions...
Running background task: Updating positions...
Running background task: Updating positions...
Running background task: Updating positions...
Running background task: Updating positions...
Running background task: Updating positions...
Running background task: Updating positions...
Running background task: Updating positions...
Running background task: Updating positions...
Running background task: Updating positions...
Running background task: Updating positions...
